This is pdfTeX, Version 3.14159265-2.6-1.40.16 (TeX Live 2015/Debian) (preloaded format=pdflatex 2016.9.19)  30 MAR 2017 13:39
entering extended mode
 restricted \write18 enabled.
 %&-line parsing enabled.
**one-sided.tex
(./one-sided.tex
LaTeX2e <2016/02/01>
Babel <3.9q> and hyphenation patterns for 81 language(s) loaded.
(/usr/share/texlive/texmf-dist/tex/latex/base/article.cls
Document Class: article 2014/09/29 v1.4h Standard LaTeX document class
(/usr/share/texlive/texmf-dist/tex/latex/base/size12.clo
File: size12.clo 2014/09/29 v1.4h Standard LaTeX file (size option)
)
\c@part=\count79
\c@section=\count80
\c@subsection=\count81
\c@subsubsection=\count82
\c@paragraph=\count83
\c@subparagraph=\count84
\c@figure=\count85
\c@table=\count86
\abovecaptionskip=\skip41
\belowcaptionskip=\skip42
\bibindent=\dimen102
)
(/usr/share/texlive/texmf-dist/tex/latex/base/inputenc.sty
Package: inputenc 2015/03/17 v1.2c Input encoding file
\inpenc@prehook=\toks14
\inpenc@posthook=\toks15

(/usr/share/texlive/texmf-dist/tex/latex/base/utf8.def
File: utf8.def 2015/12/03 v1.1r UTF-8 support for inputenc
Now handling font encoding OML ...
... no UTF-8 mapping file for font encoding OML
Now handling font encoding T1 ...
... processing UTF-8 mapping file for font encoding T1

(/usr/share/texlive/texmf-dist/tex/latex/base/t1enc.dfu
File: t1enc.dfu 2015/12/03 v1.1r UTF-8 support for inputenc
   defining Unicode char U+00A0 (decimal 160)
   defining Unicode char U+00A1 (decimal 161)
   defining Unicode char U+00A3 (decimal 163)
   defining Unicode char U+00AB (decimal 171)
   defining Unicode char U+00AD (decimal 173)
   defining Unicode char U+00BB (decimal 187)
   defining Unicode char U+00BF (decimal 191)
   defining Unicode char U+00C0 (decimal 192)
   defining Unicode char U+00C1 (decimal 193)
   defining Unicode char U+00C2 (decimal 194)
   defining Unicode char U+00C3 (decimal 195)
   defining Unicode char U+00C4 (decimal 196)
   defining Unicode char U+00C5 (decimal 197)
   defining Unicode char U+00C6 (decimal 198)
   defining Unicode char U+00C7 (decimal 199)
   defining Unicode char U+00C8 (decimal 200)
   defining Unicode char U+00C9 (decimal 201)
   defining Unicode char U+00CA (decimal 202)
   defining Unicode char U+00CB (decimal 203)
   defining Unicode char U+00CC (decimal 204)
   defining Unicode char U+00CD (decimal 205)
   defining Unicode char U+00CE (decimal 206)
   defining Unicode char U+00CF (decimal 207)
   defining Unicode char U+00D0 (decimal 208)
   defining Unicode char U+00D1 (decimal 209)
   defining Unicode char U+00D2 (decimal 210)
   defining Unicode char U+00D3 (decimal 211)
   defining Unicode char U+00D4 (decimal 212)
   defining Unicode char U+00D5 (decimal 213)
   defining Unicode char U+00D6 (decimal 214)
   defining Unicode char U+00D8 (decimal 216)
   defining Unicode char U+00D9 (decimal 217)
   defining Unicode char U+00DA (decimal 218)
   defining Unicode char U+00DB (decimal 219)
   defining Unicode char U+00DC (decimal 220)
   defining Unicode char U+00DD (decimal 221)
   defining Unicode char U+00DE (decimal 222)
   defining Unicode char U+00DF (decimal 223)
   defining Unicode char U+00E0 (decimal 224)
   defining Unicode char U+00E1 (decimal 225)
   defining Unicode char U+00E2 (decimal 226)
   defining Unicode char U+00E3 (decimal 227)
   defining Unicode char U+00E4 (decimal 228)
   defining Unicode char U+00E5 (decimal 229)
   defining Unicode char U+00E6 (decimal 230)
   defining Unicode char U+00E7 (decimal 231)
   defining Unicode char U+00E8 (decimal 232)
   defining Unicode char U+00E9 (decimal 233)
   defining Unicode char U+00EA (decimal 234)
   defining Unicode char U+00EB (decimal 235)
   defining Unicode char U+00EC (decimal 236)
   defining Unicode char U+00ED (decimal 237)
   defining Unicode char U+00EE (decimal 238)
   defining Unicode char U+00EF (decimal 239)
   defining Unicode char U+00F0 (decimal 240)
   defining Unicode char U+00F1 (decimal 241)
   defining Unicode char U+00F2 (decimal 242)
   defining Unicode char U+00F3 (decimal 243)
   defining Unicode char U+00F4 (decimal 244)
   defining Unicode char U+00F5 (decimal 245)
   defining Unicode char U+00F6 (decimal 246)
   defining Unicode char U+00F8 (decimal 248)
   defining Unicode char U+00F9 (decimal 249)
   defining Unicode char U+00FA (decimal 250)
   defining Unicode char U+00FB (decimal 251)
   defining Unicode char U+00FC (decimal 252)
   defining Unicode char U+00FD (decimal 253)
   defining Unicode char U+00FE (decimal 254)
   defining Unicode char U+00FF (decimal 255)
   defining Unicode char U+0100 (decimal 256)
   defining Unicode char U+0101 (decimal 257)
   defining Unicode char U+0102 (decimal 258)
   defining Unicode char U+0103 (decimal 259)
   defining Unicode char U+0104 (decimal 260)
   defining Unicode char U+0105 (decimal 261)
   defining Unicode char U+0106 (decimal 262)
   defining Unicode char U+0107 (decimal 263)
   defining Unicode char U+0108 (decimal 264)
   defining Unicode char U+0109 (decimal 265)
   defining Unicode char U+010A (decimal 266)
   defining Unicode char U+010B (decimal 267)
   defining Unicode char U+010C (decimal 268)
   defining Unicode char U+010D (decimal 269)
   defining Unicode char U+010E (decimal 270)
   defining Unicode char U+010F (decimal 271)
   defining Unicode char U+0110 (decimal 272)
   defining Unicode char U+0111 (decimal 273)
   defining Unicode char U+0112 (decimal 274)
   defining Unicode char U+0113 (decimal 275)
   defining Unicode char U+0114 (decimal 276)
   defining Unicode char U+0115 (decimal 277)
   defining Unicode char U+0116 (decimal 278)
   defining Unicode char U+0117 (decimal 279)
   defining Unicode char U+0118 (decimal 280)
   defining Unicode char U+0119 (decimal 281)
   defining Unicode char U+011A (decimal 282)
   defining Unicode char U+011B (decimal 283)
   defining Unicode char U+011C (decimal 284)
   defining Unicode char U+011D (decimal 285)
   defining Unicode char U+011E (decimal 286)
   defining Unicode char U+011F (decimal 287)
   defining Unicode char U+0120 (decimal 288)
   defining Unicode char U+0121 (decimal 289)
   defining Unicode char U+0122 (decimal 290)
   defining Unicode char U+0123 (decimal 291)
   defining Unicode char U+0124 (decimal 292)
   defining Unicode char U+0125 (decimal 293)
   defining Unicode char U+0128 (decimal 296)
   defining Unicode char U+0129 (decimal 297)
   defining Unicode char U+012A (decimal 298)
   defining Unicode char U+012B (decimal 299)
   defining Unicode char U+012C (decimal 300)
   defining Unicode char U+012D (decimal 301)
   defining Unicode char U+012E (decimal 302)
   defining Unicode char U+012F (decimal 303)
   defining Unicode char U+0130 (decimal 304)
   defining Unicode char U+0131 (decimal 305)
   defining Unicode char U+0132 (decimal 306)
   defining Unicode char U+0133 (decimal 307)
   defining Unicode char U+0134 (decimal 308)
   defining Unicode char U+0135 (decimal 309)
   defining Unicode char U+0136 (decimal 310)
   defining Unicode char U+0137 (decimal 311)
   defining Unicode char U+0139 (decimal 313)
   defining Unicode char U+013A (decimal 314)
   defining Unicode char U+013B (decimal 315)
   defining Unicode char U+013C (decimal 316)
   defining Unicode char U+013D (decimal 317)
   defining Unicode char U+013E (decimal 318)
   defining Unicode char U+0141 (decimal 321)
   defining Unicode char U+0142 (decimal 322)
   defining Unicode char U+0143 (decimal 323)
   defining Unicode char U+0144 (decimal 324)
   defining Unicode char U+0145 (decimal 325)
   defining Unicode char U+0146 (decimal 326)
   defining Unicode char U+0147 (decimal 327)
   defining Unicode char U+0148 (decimal 328)
   defining Unicode char U+014A (decimal 330)
   defining Unicode char U+014B (decimal 331)
   defining Unicode char U+014C (decimal 332)
   defining Unicode char U+014D (decimal 333)
   defining Unicode char U+014E (decimal 334)
   defining Unicode char U+014F (decimal 335)
   defining Unicode char U+0150 (decimal 336)
   defining Unicode char U+0151 (decimal 337)
   defining Unicode char U+0152 (decimal 338)
   defining Unicode char U+0153 (decimal 339)
   defining Unicode char U+0154 (decimal 340)
   defining Unicode char U+0155 (decimal 341)
   defining Unicode char U+0156 (decimal 342)
   defining Unicode char U+0157 (decimal 343)
   defining Unicode char U+0158 (decimal 344)
   defining Unicode char U+0159 (decimal 345)
   defining Unicode char U+015A (decimal 346)
   defining Unicode char U+015B (decimal 347)
   defining Unicode char U+015C (decimal 348)
   defining Unicode char U+015D (decimal 349)
   defining Unicode char U+015E (decimal 350)
   defining Unicode char U+015F (decimal 351)
   defining Unicode char U+0160 (decimal 352)
   defining Unicode char U+0161 (decimal 353)
   defining Unicode char U+0162 (decimal 354)
   defining Unicode char U+0163 (decimal 355)
   defining Unicode char U+0164 (decimal 356)
   defining Unicode char U+0165 (decimal 357)
   defining Unicode char U+0168 (decimal 360)
   defining Unicode char U+0169 (decimal 361)
   defining Unicode char U+016A (decimal 362)
   defining Unicode char U+016B (decimal 363)
   defining Unicode char U+016C (decimal 364)
   defining Unicode char U+016D (decimal 365)
   defining Unicode char U+016E (decimal 366)
   defining Unicode char U+016F (decimal 367)
   defining Unicode char U+0170 (decimal 368)
   defining Unicode char U+0171 (decimal 369)
   defining Unicode char U+0172 (decimal 370)
   defining Unicode char U+0173 (decimal 371)
   defining Unicode char U+0174 (decimal 372)
   defining Unicode char U+0175 (decimal 373)
   defining Unicode char U+0176 (decimal 374)
   defining Unicode char U+0177 (decimal 375)
   defining Unicode char U+0178 (decimal 376)
   defining Unicode char U+0179 (decimal 377)
   defining Unicode char U+017A (decimal 378)
   defining Unicode char U+017B (decimal 379)
   defining Unicode char U+017C (decimal 380)
   defining Unicode char U+017D (decimal 381)
   defining Unicode char U+017E (decimal 382)
   defining Unicode char U+01CD (decimal 461)
   defining Unicode char U+01CE (decimal 462)
   defining Unicode char U+01CF (decimal 463)
   defining Unicode char U+01D0 (decimal 464)
   defining Unicode char U+01D1 (decimal 465)
   defining Unicode char U+01D2 (decimal 466)
   defining Unicode char U+01D3 (decimal 467)
   defining Unicode char U+01D4 (decimal 468)
   defining Unicode char U+01E2 (decimal 482)
   defining Unicode char U+01E3 (decimal 483)
   defining Unicode char U+01E6 (decimal 486)
   defining Unicode char U+01E7 (decimal 487)
   defining Unicode char U+01E8 (decimal 488)
   defining Unicode char U+01E9 (decimal 489)
   defining Unicode char U+01EA (decimal 490)
   defining Unicode char U+01EB (decimal 491)
   defining Unicode char U+01F0 (decimal 496)
   defining Unicode char U+01F4 (decimal 500)
   defining Unicode char U+01F5 (decimal 501)
   defining Unicode char U+0218 (decimal 536)
   defining Unicode char U+0219 (decimal 537)
   defining Unicode char U+021A (decimal 538)
   defining Unicode char U+021B (decimal 539)
   defining Unicode char U+01E02 (decimal 7682)
   defining Unicode char U+01E03 (decimal 7683)
   defining Unicode char U+200C (decimal 8204)
   defining Unicode char U+2013 (decimal 8211)
   defining Unicode char U+2014 (decimal 8212)
   defining Unicode char U+2018 (decimal 8216)
   defining Unicode char U+2019 (decimal 8217)
   defining Unicode char U+201A (decimal 8218)
   defining Unicode char U+201C (decimal 8220)
   defining Unicode char U+201D (decimal 8221)
   defining Unicode char U+201E (decimal 8222)
   defining Unicode char U+2030 (decimal 8240)
   defining Unicode char U+2031 (decimal 8241)
   defining Unicode char U+2039 (decimal 8249)
   defining Unicode char U+203A (decimal 8250)
   defining Unicode char U+2423 (decimal 9251)
)
Now handling font encoding OT1 ...
... processing UTF-8 mapping file for font encoding OT1

(/usr/share/texlive/texmf-dist/tex/latex/base/ot1enc.dfu
File: ot1enc.dfu 2015/12/03 v1.1r UTF-8 support for inputenc
   defining Unicode char U+00A0 (decimal 160)
   defining Unicode char U+00A1 (decimal 161)
   defining Unicode char U+00A3 (decimal 163)
   defining Unicode char U+00AD (decimal 173)
   defining Unicode char U+00B8 (decimal 184)
   defining Unicode char U+00BF (decimal 191)
   defining Unicode char U+00C5 (decimal 197)
   defining Unicode char U+00C6 (decimal 198)
   defining Unicode char U+00D8 (decimal 216)
   defining Unicode char U+00DF (decimal 223)
   defining Unicode char U+00E6 (decimal 230)
   defining Unicode char U+00EC (decimal 236)
   defining Unicode char U+00ED (decimal 237)
   defining Unicode char U+00EE (decimal 238)
   defining Unicode char U+00EF (decimal 239)
   defining Unicode char U+00F8 (decimal 248)
   defining Unicode char U+0131 (decimal 305)
   defining Unicode char U+0141 (decimal 321)
   defining Unicode char U+0142 (decimal 322)
   defining Unicode char U+0152 (decimal 338)
   defining Unicode char U+0153 (decimal 339)
   defining Unicode char U+0174 (decimal 372)
   defining Unicode char U+0175 (decimal 373)
   defining Unicode char U+0176 (decimal 374)
   defining Unicode char U+0177 (decimal 375)
   defining Unicode char U+0218 (decimal 536)
   defining Unicode char U+0219 (decimal 537)
   defining Unicode char U+021A (decimal 538)
   defining Unicode char U+021B (decimal 539)
   defining Unicode char U+2013 (decimal 8211)
   defining Unicode char U+2014 (decimal 8212)
   defining Unicode char U+2018 (decimal 8216)
   defining Unicode char U+2019 (decimal 8217)
   defining Unicode char U+201C (decimal 8220)
   defining Unicode char U+201D (decimal 8221)
)
Now handling font encoding OMS ...
... processing UTF-8 mapping file for font encoding OMS

(/usr/share/texlive/texmf-dist/tex/latex/base/omsenc.dfu
File: omsenc.dfu 2015/12/03 v1.1r UTF-8 support for inputenc
   defining Unicode char U+00A7 (decimal 167)
   defining Unicode char U+00B6 (decimal 182)
   defining Unicode char U+00B7 (decimal 183)
   defining Unicode char U+2020 (decimal 8224)
   defining Unicode char U+2021 (decimal 8225)
   defining Unicode char U+2022 (decimal 8226)
)
Now handling font encoding OMX ...
... no UTF-8 mapping file for font encoding OMX
Now handling font encoding U ...
... no UTF-8 mapping file for font encoding U
   defining Unicode char U+00A9 (decimal 169)
   defining Unicode char U+00AA (decimal 170)
   defining Unicode char U+00AE (decimal 174)
   defining Unicode char U+00BA (decimal 186)
   defining Unicode char U+02C6 (decimal 710)
   defining Unicode char U+02DC (decimal 732)
   defining Unicode char U+200C (decimal 8204)
   defining Unicode char U+2026 (decimal 8230)
   defining Unicode char U+2122 (decimal 8482)
   defining Unicode char U+2423 (decimal 9251)
))
(/usr/share/texlive/texmf-dist/tex/latex/base/fontenc.sty
Package: fontenc 2005/09/27 v1.99g Standard LaTeX package

(/usr/share/texlive/texmf-dist/tex/latex/base/t1enc.def
File: t1enc.def 2005/09/27 v1.99g Standard LaTeX file
LaTeX Font Info:    Redeclaring font encoding T1 on input line 48.
))
(/usr/share/texmf/tex/latex/lm/lmodern.sty
Package: lmodern 2009/10/30 v1.6 Latin Modern Fonts
LaTeX Font Info:    Overwriting symbol font `operators' in version `normal'
(Font)                  OT1/cmr/m/n --> OT1/lmr/m/n on input line 22.
LaTeX Font Info:    Overwriting symbol font `letters' in version `normal'
(Font)                  OML/cmm/m/it --> OML/lmm/m/it on input line 23.
LaTeX Font Info:    Overwriting symbol font `symbols' in version `normal'
(Font)                  OMS/cmsy/m/n --> OMS/lmsy/m/n on input line 24.
LaTeX Font Info:    Overwriting symbol font `largesymbols' in version `normal'
(Font)                  OMX/cmex/m/n --> OMX/lmex/m/n on input line 25.
LaTeX Font Info:    Overwriting symbol font `operators' in version `bold'
(Font)                  OT1/cmr/bx/n --> OT1/lmr/bx/n on input line 26.
LaTeX Font Info:    Overwriting symbol font `letters' in version `bold'
(Font)                  OML/cmm/b/it --> OML/lmm/b/it on input line 27.
LaTeX Font Info:    Overwriting symbol font `symbols' in version `bold'
(Font)                  OMS/cmsy/b/n --> OMS/lmsy/b/n on input line 28.
LaTeX Font Info:    Overwriting symbol font `largesymbols' in version `bold'
(Font)                  OMX/cmex/m/n --> OMX/lmex/m/n on input line 29.
LaTeX Font Info:    Overwriting math alphabet `\mathbf' in version `normal'
(Font)                  OT1/cmr/bx/n --> OT1/lmr/bx/n on input line 31.
LaTeX Font Info:    Overwriting math alphabet `\mathsf' in version `normal'
(Font)                  OT1/cmss/m/n --> OT1/lmss/m/n on input line 32.
LaTeX Font Info:    Overwriting math alphabet `\mathit' in version `normal'
(Font)                  OT1/cmr/m/it --> OT1/lmr/m/it on input line 33.
LaTeX Font Info:    Overwriting math alphabet `\mathtt' in version `normal'
(Font)                  OT1/cmtt/m/n --> OT1/lmtt/m/n on input line 34.
LaTeX Font Info:    Overwriting math alphabet `\mathbf' in version `bold'
(Font)                  OT1/cmr/bx/n --> OT1/lmr/bx/n on input line 35.
LaTeX Font Info:    Overwriting math alphabet `\mathsf' in version `bold'
(Font)                  OT1/cmss/bx/n --> OT1/lmss/bx/n on input line 36.
LaTeX Font Info:    Overwriting math alphabet `\mathit' in version `bold'
(Font)                  OT1/cmr/bx/it --> OT1/lmr/bx/it on input line 37.
LaTeX Font Info:    Overwriting math alphabet `\mathtt' in version `bold'
(Font)                  OT1/cmtt/m/n --> OT1/lmtt/m/n on input line 38.
)
(/usr/share/texlive/texmf-dist/tex/latex/xcolor/xcolor.sty
Package: xcolor 2007/01/21 v2.11 LaTeX color extensions (UK)

(/usr/share/texlive/texmf-dist/tex/latex/latexconfig/color.cfg
File: color.cfg 2007/01/18 v1.5 color configuration of teTeX/TeXLive
)
Package xcolor Info: Driver file: pdftex.def on input line 225.

(/usr/share/texlive/texmf-dist/tex/latex/pdftex-def/pdftex.def
File: pdftex.def 2011/05/27 v0.06d Graphics/color for pdfTeX

(/usr/share/texlive/texmf-dist/tex/generic/oberdiek/infwarerr.sty
Package: infwarerr 2010/04/08 v1.3 Providing info/warning/error messages (HO)
)
(/usr/share/texlive/texmf-dist/tex/generic/oberdiek/ltxcmds.sty
Package: ltxcmds 2011/11/09 v1.22 LaTeX kernel commands for general use (HO)
)
\Gread@gobject=\count87
)
Package xcolor Info: Model `cmy' substituted by `cmy0' on input line 1337.
Package xcolor Info: Model `hsb' substituted by `rgb' on input line 1341.
Package xcolor Info: Model `RGB' extended on input line 1353.
Package xcolor Info: Model `HTML' substituted by `rgb' on input line 1355.
Package xcolor Info: Model `Hsb' substituted by `hsb' on input line 1356.
Package xcolor Info: Model `tHsb' substituted by `hsb' on input line 1357.
Package xcolor Info: Model `HSB' substituted by `hsb' on input line 1358.
Package xcolor Info: Model `Gray' substituted by `gray' on input line 1359.
Package xcolor Info: Model `wave' substituted by `hsb' on input line 1360.
)
(/usr/share/texlive/texmf-dist/tex/latex/colortbl/colortbl.sty
Package: colortbl 2012/02/13 v1.0a Color table columns (DPC)

(/usr/share/texlive/texmf-dist/tex/latex/tools/array.sty
Package: array 2014/10/28 v2.4c Tabular extension package (FMi)
\col@sep=\dimen103
\extrarowheight=\dimen104
\NC@list=\toks16
\extratabsurround=\skip43
\backup@length=\skip44
)
\everycr=\toks17
\minrowclearance=\skip45
)
(/usr/share/texlive/texmf-dist/tex/latex/graphics/graphicx.sty
Package: graphicx 2014/10/28 v1.0g Enhanced LaTeX Graphics (DPC,SPQR)

(/usr/share/texlive/texmf-dist/tex/latex/graphics/keyval.sty
Package: keyval 2014/10/28 v1.15 key=value parser (DPC)
\KV@toks@=\toks18
)
(/usr/share/texlive/texmf-dist/tex/latex/graphics/graphics.sty
Package: graphics 2016/01/03 v1.0q Standard LaTeX Graphics (DPC,SPQR)

(/usr/share/texlive/texmf-dist/tex/latex/graphics/trig.sty
Package: trig 2016/01/03 v1.10 sin cos tan (DPC)
)
(/usr/share/texlive/texmf-dist/tex/latex/latexconfig/graphics.cfg
File: graphics.cfg 2010/04/23 v1.9 graphics configuration of TeX Live
)
Package graphics Info: Driver file: pdftex.def on input line 95.
)
\Gin@req@height=\dimen105
\Gin@req@width=\dimen106
)
(/usr/share/texlive/texmf-dist/tex/latex/fancyhdr/fancyhdr.sty
\fancy@headwidth=\skip46
\f@ncyO@elh=\skip47
\f@ncyO@erh=\skip48
\f@ncyO@olh=\skip49
\f@ncyO@orh=\skip50
\f@ncyO@elf=\skip51
\f@ncyO@erf=\skip52
\f@ncyO@olf=\skip53
\f@ncyO@orf=\skip54
)
(/usr/share/texlive/texmf-dist/tex/latex/geometry/geometry.sty
Package: geometry 2010/09/12 v5.6 Page Geometry

(/usr/share/texlive/texmf-dist/tex/generic/oberdiek/ifpdf.sty
Package: ifpdf 2011/01/30 v2.3 Provides the ifpdf switch (HO)
Package ifpdf Info: pdfTeX in PDF mode is detected.
)
(/usr/share/texlive/texmf-dist/tex/generic/oberdiek/ifvtex.sty
Package: ifvtex 2010/03/01 v1.5 Detect VTeX and its facilities (HO)
Package ifvtex Info: VTeX not detected.
)
(/usr/share/texlive/texmf-dist/tex/generic/ifxetex/ifxetex.sty
Package: ifxetex 2010/09/12 v0.6 Provides ifxetex conditional
)
\Gm@cnth=\count88
\Gm@cntv=\count89
\c@Gm@tempcnt=\count90
\Gm@bindingoffset=\dimen107
\Gm@wd@mp=\dimen108
\Gm@odd@mp=\dimen109
\Gm@even@mp=\dimen110
\Gm@layoutwidth=\dimen111
\Gm@layoutheight=\dimen112
\Gm@layouthoffset=\dimen113
\Gm@layoutvoffset=\dimen114
\Gm@dimlist=\toks19
)
(/usr/share/texlive/texmf-dist/tex/latex/lastpage/lastpage.sty
Package: lastpage 2015/03/29 v1.2m Refers to last page's name (HMM; JPG)
)
(/usr/share/texlive/texmf-dist/tex/latex/url/url.sty
\Urlmuskip=\muskip10
Package: url 2013/09/16  ver 3.4  Verb mode for urls, etc.
)
(/usr/share/texlive/texmf-dist/tex/latex/tools/tabularx.sty
Package: tabularx 2014/10/28 v2.10 `tabularx' package (DPC)
\TX@col@width=\dimen115
\TX@old@table=\dimen116
\TX@old@col=\dimen117
\TX@target=\dimen118
\TX@delta=\dimen119
\TX@cols=\count91
\TX@ftn=\toks20
)
(/usr/share/texlive/texmf-dist/tex/latex/amsmath/amsmath.sty
Package: amsmath 2016/03/03 v2.15a AMS math features
\@mathmargin=\skip55

For additional information on amsmath, use the `?' option.
(/usr/share/texlive/texmf-dist/tex/latex/amsmath/amstext.sty
Package: amstext 2000/06/29 v2.01 AMS text

(/usr/share/texlive/texmf-dist/tex/latex/amsmath/amsgen.sty
File: amsgen.sty 1999/11/30 v2.0 generic functions
\@emptytoks=\toks21
\ex@=\dimen120
))
(/usr/share/texlive/texmf-dist/tex/latex/amsmath/amsbsy.sty
Package: amsbsy 1999/11/29 v1.2d Bold Symbols
\pmbraise@=\dimen121
)
(/usr/share/texlive/texmf-dist/tex/latex/amsmath/amsopn.sty
Package: amsopn 1999/12/14 v2.01 operator names
)
\inf@bad=\count92
LaTeX Info: Redefining \frac on input line 199.
\uproot@=\count93
\leftroot@=\count94
LaTeX Info: Redefining \overline on input line 297.
\classnum@=\count95
\DOTSCASE@=\count96
LaTeX Info: Redefining \ldots on input line 394.
LaTeX Info: Redefining \dots on input line 397.
LaTeX Info: Redefining \cdots on input line 518.
\Mathstrutbox@=\box26
\strutbox@=\box27
\big@size=\dimen122
LaTeX Font Info:    Redeclaring font encoding OML on input line 630.
LaTeX Font Info:    Redeclaring font encoding OMS on input line 631.
\macc@depth=\count97
\c@MaxMatrixCols=\count98
\dotsspace@=\muskip11
\c@parentequation=\count99
\dspbrk@lvl=\count100
\tag@help=\toks22
\row@=\count101
\column@=\count102
\maxfields@=\count103
\andhelp@=\toks23
\eqnshift@=\dimen123
\alignsep@=\dimen124
\tagshift@=\dimen125
\tagwidth@=\dimen126
\totwidth@=\dimen127
\lineht@=\dimen128
\@envbody=\toks24
\multlinegap=\skip56
\multlinetaggap=\skip57
\mathdisplay@stack=\toks25
LaTeX Info: Redefining \[ on input line 2735.
LaTeX Info: Redefining \] on input line 2736.
)
(/usr/share/texlive/texmf-dist/tex/latex/amsfonts/amssymb.sty
Package: amssymb 2013/01/14 v3.01 AMS font symbols

(/usr/share/texlive/texmf-dist/tex/latex/amsfonts/amsfonts.sty
Package: amsfonts 2013/01/14 v3.01 Basic AMSFonts support
\symAMSa=\mathgroup4
\symAMSb=\mathgroup5
LaTeX Font Info:    Overwriting math alphabet `\mathfrak' in version `bold'
(Font)                  U/euf/m/n --> U/euf/b/n on input line 106.
))
(/usr/share/texlive/texmf-dist/tex/latex/caption/subcaption.sty
Package: subcaption 2016/02/20 v1.1-142 Sub-captions (AR)

(/usr/share/texlive/texmf-dist/tex/latex/caption/caption.sty
Package: caption 2016/02/21 v3.3-144 Customizing captions (AR)

(/usr/share/texlive/texmf-dist/tex/latex/caption/caption3.sty
Package: caption3 2016/02/04 v1.7-139 caption3 kernel (AR)
Package caption3 Info: TeX engine: e-TeX on input line 67.
\captionmargin=\dimen129
\captionmargin@=\dimen130
\captionwidth=\dimen131
\caption@tempdima=\dimen132
\caption@indent=\dimen133
\caption@parindent=\dimen134
\caption@hangindent=\dimen135
)
\c@ContinuedFloat=\count104
)
\c@subfigure=\count105
\c@subtable=\count106
)
(./one-sided.aux (./one-sided-tile.aux))
\openout1 = `one-sided.aux'.

LaTeX Font Info:    Checking defaults for OML/cmm/m/it on input line 145.
LaTeX Font Info:    ... okay on input line 145.
LaTeX Font Info:    Checking defaults for T1/cmr/m/n on input line 145.
LaTeX Font Info:    ... okay on input line 145.
LaTeX Font Info:    Checking defaults for OT1/cmr/m/n on input line 145.
LaTeX Font Info:    ... okay on input line 145.
LaTeX Font Info:    Checking defaults for OMS/cmsy/m/n on input line 145.
LaTeX Font Info:    ... okay on input line 145.
LaTeX Font Info:    Checking defaults for OMX/cmex/m/n on input line 145.
LaTeX Font Info:    ... okay on input line 145.
LaTeX Font Info:    Checking defaults for U/cmr/m/n on input line 145.
LaTeX Font Info:    ... okay on input line 145.
LaTeX Font Info:    Try loading font information for T1+lmr on input line 145.

(/usr/share/texmf/tex/latex/lm/t1lmr.fd
File: t1lmr.fd 2009/10/30 v1.6 Font defs for Latin Modern
)
(/usr/share/texlive/texmf-dist/tex/context/base/supp-pdf.mkii
[Loading MPS to PDF converter (version 2006.09.02).]
\scratchcounter=\count107
\scratchdimen=\dimen136
\scratchbox=\box28
\nofMPsegments=\count108
\nofMParguments=\count109
\everyMPshowfont=\toks26
\MPscratchCnt=\count110
\MPscratchDim=\dimen137
\MPnumerator=\count111
\makeMPintoPDFobject=\count112
\everyMPtoPDFconversion=\toks27
) (/usr/share/texlive/texmf-dist/tex/generic/oberdiek/pdftexcmds.sty
Package: pdftexcmds 2011/11/29 v0.20 Utility functions of pdfTeX for LuaTeX (HO
)

(/usr/share/texlive/texmf-dist/tex/generic/oberdiek/ifluatex.sty
Package: ifluatex 2010/03/01 v1.3 Provides the ifluatex switch (HO)
Package ifluatex Info: LuaTeX not detected.
)
Package pdftexcmds Info: LuaTeX not detected.
Package pdftexcmds Info: \pdf@primitive is available.
Package pdftexcmds Info: \pdf@ifprimitive is available.
Package pdftexcmds Info: \pdfdraftmode found.
)
(/usr/share/texlive/texmf-dist/tex/latex/oberdiek/epstopdf-base.sty
Package: epstopdf-base 2010/02/09 v2.5 Base part for package epstopdf

(/usr/share/texlive/texmf-dist/tex/latex/oberdiek/grfext.sty
Package: grfext 2010/08/19 v1.1 Manage graphics extensions (HO)

(/usr/share/texlive/texmf-dist/tex/generic/oberdiek/kvdefinekeys.sty
Package: kvdefinekeys 2011/04/07 v1.3 Define keys (HO)
))
(/usr/share/texlive/texmf-dist/tex/latex/oberdiek/kvoptions.sty
Package: kvoptions 2011/06/30 v3.11 Key value format for package options (HO)

(/usr/share/texlive/texmf-dist/tex/generic/oberdiek/kvsetkeys.sty
Package: kvsetkeys 2012/04/25 v1.16 Key value parser (HO)

(/usr/share/texlive/texmf-dist/tex/generic/oberdiek/etexcmds.sty
Package: etexcmds 2011/02/16 v1.5 Avoid name clashes with e-TeX commands (HO)
Package etexcmds Info: Could not find \expanded.
(etexcmds)             That can mean that you are not using pdfTeX 1.50 or
(etexcmds)             that some package has redefined \expanded.
(etexcmds)             In the latter case, load this package earlier.
)))
Package grfext Info: Graphics extension search list:
(grfext)             [.png,.pdf,.jpg,.mps,.jpeg,.jbig2,.jb2,.PNG,.PDF,.JPG,.JPE
G,.JBIG2,.JB2,.eps]
(grfext)             \AppendGraphicsExtensions on input line 452.

(/usr/share/texlive/texmf-dist/tex/latex/latexconfig/epstopdf-sys.cfg
File: epstopdf-sys.cfg 2010/07/13 v1.3 Configuration of (r)epstopdf for TeX Liv
e
))
*geometry* driver: auto-detecting
*geometry* detected driver: pdftex
*geometry* verbose mode - [ preamble ] result:
* driver: pdftex
* paper: a4paper
* layout: <same size as paper>
* layoutoffset:(h,v)=(0.0pt,0.0pt)
* modes: 
* h-part:(L,W,R)=(71.13188pt, 455.24411pt, 71.13188pt)
* v-part:(T,H,B)=(71.13188pt, 702.78308pt, 71.13188pt)
* \paperwidth=597.50787pt
* \paperheight=845.04684pt
* \textwidth=455.24411pt
* \textheight=702.78308pt
* \oddsidemargin=-1.1381pt
* \evensidemargin=-1.1381pt
* \topmargin=-38.1381pt
* \headheight=12.0pt
* \headsep=25.0pt
* \topskip=12.0pt
* \footskip=30.0pt
* \marginparwidth=35.0pt
* \marginparsep=10.0pt
* \columnsep=10.0pt
* \skip\footins=10.8pt plus 4.0pt minus 2.0pt
* \hoffset=0.0pt
* \voffset=0.0pt
* \mag=1000
* \@twocolumnfalse
* \@twosidefalse
* \@mparswitchfalse
* \@reversemarginfalse
* (1in=72.27pt=25.4mm, 1cm=28.453pt)

Package lastpage Info: Please have a look at the pageslts package at
(lastpage)             https://www.ctan.org/pkg/pageslts
(lastpage)             ! on input line 145.
Package caption Info: Begin \AtBeginDocument code.
Package caption Info: End \AtBeginDocument code.
<NLAFET-logo2.png, id=1, 903.375pt x 317.185pt>
File: NLAFET-logo2.png Graphic file (type png)
 <use NLAFET-logo2.png>
Package pdftex.def Info: NLAFET-logo2.png used on input line 150.
(pdftex.def)             Requested size: 364.19667pt x 127.87358pt.
 [1

{/var/lib/texmf/fonts/map/pdftex/updmap/pdftex.map} <./NLAFET-logo2.png>]
LaTeX Font Info:    Try loading font information for OT1+lmr on input line 195.


(/usr/share/texmf/tex/latex/lm/ot1lmr.fd
File: ot1lmr.fd 2009/10/30 v1.6 Font defs for Latin Modern
)
LaTeX Font Info:    Try loading font information for OML+lmm on input line 195.


(/usr/share/texmf/tex/latex/lm/omllmm.fd
File: omllmm.fd 2009/10/30 v1.6 Font defs for Latin Modern
)
LaTeX Font Info:    Try loading font information for OMS+lmsy on input line 195
.

(/usr/share/texmf/tex/latex/lm/omslmsy.fd
File: omslmsy.fd 2009/10/30 v1.6 Font defs for Latin Modern
)
LaTeX Font Info:    Try loading font information for OMX+lmex on input line 195
.

(/usr/share/texmf/tex/latex/lm/omxlmex.fd
File: omxlmex.fd 2009/10/30 v1.6 Font defs for Latin Modern
)
LaTeX Font Info:    External font `lmex10' loaded for size
(Font)              <12> on input line 195.
LaTeX Font Info:    External font `lmex10' loaded for size
(Font)              <8> on input line 195.
LaTeX Font Info:    External font `lmex10' loaded for size
(Font)              <6> on input line 195.
LaTeX Font Info:    Try loading font information for U+msa on input line 195.

(/usr/share/texlive/texmf-dist/tex/latex/amsfonts/umsa.fd
File: umsa.fd 2013/01/14 v3.01 AMS symbols A
)
LaTeX Font Info:    Try loading font information for U+msb on input line 195.

(/usr/share/texlive/texmf-dist/tex/latex/amsfonts/umsb.fd
File: umsb.fd 2013/01/14 v3.01 AMS symbols B
)
Underfull \hbox (badness 10000) in paragraph at lines 258--260

 []

LaTeX Font Info:    Try loading font information for OMS+lmr on input line 269.

(/usr/share/texmf/tex/latex/lm/omslmr.fd
File: omslmr.fd 2009/10/30 v1.6 Font defs for Latin Modern
)
LaTeX Font Info:    Font shape `OMS/lmr/m/n' in size <12> not available
(Font)              Font shape `OMS/lmsy/m/n' tried instead on input line 269.


Package Fancyhdr Warning: \headheight is too small (12.0pt): 
 Make it at least 14.49998pt.
 We now make it that large for the rest of the document.
 This may cause the page layout to be inconsistent, however.

LaTeX Font Info:    Try loading font information for T1+lmtt on input line 292.

(/usr/share/texmf/tex/latex/lm/t1lmtt.fd
File: t1lmtt.fd 2009/10/30 v1.6 Font defs for Latin Modern
) [1] (./one-sided.toc)
\tf@toc=\write3
\openout3 = `one-sided.toc'.


(./one-sided.lof)
\tf@lof=\write4
\openout4 = `one-sided.lof'.

 [2] (./one-sided.lot)
\tf@lot=\write5
\openout5 = `one-sided.lot'.

 [3]
<fig/spotrf_dag.png, id=26, 580.1675pt x 466.74374pt>
File: fig/spotrf_dag.png Graphic file (type png)
 <use fig/spotrf_dag.png>
Package pdftex.def Info: fig/spotrf_dag.png used on input line 358.
(pdftex.def)             Requested size: 348.10316pt x 280.0484pt.

[4 <./fig/spotrf_dag.png>] [5]
\openout2 = `one-sided-tile.aux'.

 (./one-sided-tile.tex
<fig/one-sided-initial.pdf, id=34, 881.69403pt x 881.69403pt>
File: fig/one-sided-initial.pdf Graphic file (type pdf)

<use fig/one-sided-initial.pdf>
Package pdftex.def Info: fig/one-sided-initial.pdf used on input line 33.
(pdftex.def)             Requested size: 99.58318pt x 99.58318pt.

<fig/one-sided-tile.pdf, id=35, 881.69403pt x 881.69403pt>
File: fig/one-sided-tile.pdf Graphic file (type pdf)

<use fig/one-sided-tile.pdf>
Package pdftex.def Info: fig/one-sided-tile.pdf used on input line 38.
(pdftex.def)             Requested size: 99.58318pt x 99.58318pt.
LaTeX Font Info:    External font `lmex10' loaded for size
(Font)              <10.95> on input line 40.

<fig/one-sided-tile-facto.png, id=36, 881.694pt x 881.694pt>
File: fig/one-sided-tile-facto.png Graphic file (type png)

<use fig/one-sided-tile-facto.png>
Package pdftex.def Info: fig/one-sided-tile-facto.png used on input line 44.
(pdftex.def)             Requested size: 99.58318pt x 99.58318pt.
) [6

 <./fig/one-sided-initial.pdf> <./fig/one-sided-tile.pdf> <./fig/one-sided-tile
-facto.png>]
LaTeX Font Info:    External font `lmex10' loaded for size
(Font)              <10> on input line 442.
LaTeX Font Info:    External font `lmex10' loaded for size
(Font)              <7> on input line 442.
LaTeX Font Info:    External font `lmex10' loaded for size
(Font)              <5> on input line 442.
 [7

] [8]
Package epstopdf Info: Source file: <fig/kebnekaise_zpotrf_weak_scaling.eps>
(epstopdf)                    date: 2017-03-29 18:16:42
(epstopdf)                    size: 204546 bytes
(epstopdf)             Output file: <fig/kebnekaise_zpotrf_weak_scaling-eps-con
verted-to.pdf>
(epstopdf)                    date: 2017-03-29 18:17:18
(epstopdf)                    size: 11158 bytes
(epstopdf)             Command: <repstopdf --outfile=fig/kebnekaise_zpotrf_weak
_scaling-eps-converted-to.pdf fig/kebnekaise_zpotrf_weak_scaling.eps>
(epstopdf)             \includegraphics on input line 619.
Package epstopdf Info: Output file is already uptodate.

<fig/kebnekaise_zpotrf_weak_scaling-eps-converted-to.pdf, id=66, 254.9525pt x 1
64.615pt>
File: fig/kebnekaise_zpotrf_weak_scaling-eps-converted-to.pdf Graphic file (typ
e pdf)
 <use fig/kebnekaise_zpotrf_weak_scaling-eps-converted-to.pdf>
Package pdftex.def Info: fig/kebnekaise_zpotrf_weak_scaling-eps-converted-to.pd
f used on input line 619.
(pdftex.def)             Requested size: 216.71063pt x 139.9234pt.
Package epstopdf Info: Source file: <fig/kebnekaise_dpotrf_weak_scaling.eps>
(epstopdf)                    date: 2017-03-29 18:16:47
(epstopdf)                    size: 206479 bytes
(epstopdf)             Output file: <fig/kebnekaise_dpotrf_weak_scaling-eps-con
verted-to.pdf>
(epstopdf)                    date: 2017-03-29 18:17:19
(epstopdf)                    size: 11588 bytes
(epstopdf)             Command: <repstopdf --outfile=fig/kebnekaise_dpotrf_weak
_scaling-eps-converted-to.pdf fig/kebnekaise_dpotrf_weak_scaling.eps>
(epstopdf)             \includegraphics on input line 620.
Package epstopdf Info: Output file is already uptodate.

<fig/kebnekaise_dpotrf_weak_scaling-eps-converted-to.pdf, id=67, 250.9375pt x 1
64.615pt>
File: fig/kebnekaise_dpotrf_weak_scaling-eps-converted-to.pdf Graphic file (typ
e pdf)
 <use fig/kebnekaise_dpotrf_weak_scaling-eps-converted-to.pdf>
Package pdftex.def Info: fig/kebnekaise_dpotrf_weak_scaling-eps-converted-to.pd
f used on input line 620.
(pdftex.def)             Requested size: 213.29787pt x 139.9234pt.
Package epstopdf Info: Source file: <fig/kebnekaise_cpotrf_weak_scaling.eps>
(epstopdf)                    date: 2017-03-29 18:16:44
(epstopdf)                    size: 204404 bytes
(epstopdf)             Output file: <fig/kebnekaise_cpotrf_weak_scaling-eps-con
verted-to.pdf>
(epstopdf)                    date: 2017-03-29 18:17:19
(epstopdf)                    size: 11253 bytes
(epstopdf)             Command: <repstopdf --outfile=fig/kebnekaise_cpotrf_weak
_scaling-eps-converted-to.pdf fig/kebnekaise_cpotrf_weak_scaling.eps>
(epstopdf)             \includegraphics on input line 621.
Package epstopdf Info: Output file is already uptodate.

<fig/kebnekaise_cpotrf_weak_scaling-eps-converted-to.pdf, id=68, 254.9525pt x 1
64.615pt>
File: fig/kebnekaise_cpotrf_weak_scaling-eps-converted-to.pdf Graphic file (typ
e pdf)
 <use fig/kebnekaise_cpotrf_weak_scaling-eps-converted-to.pdf>
Package pdftex.def Info: fig/kebnekaise_cpotrf_weak_scaling-eps-converted-to.pd
f used on input line 621.
(pdftex.def)             Requested size: 216.71063pt x 139.9234pt.
Package epstopdf Info: Source file: <fig/kebnekaise_spotrf_weak_scaling.eps>
(epstopdf)                    date: 2017-03-29 18:16:50
(epstopdf)                    size: 205829 bytes
(epstopdf)             Output file: <fig/kebnekaise_spotrf_weak_scaling-eps-con
verted-to.pdf>
(epstopdf)                    date: 2017-03-29 18:17:20
(epstopdf)                    size: 11254 bytes
(epstopdf)             Command: <repstopdf --outfile=fig/kebnekaise_spotrf_weak
_scaling-eps-converted-to.pdf fig/kebnekaise_spotrf_weak_scaling.eps>
(epstopdf)             \includegraphics on input line 622.
Package epstopdf Info: Output file is already uptodate.

<fig/kebnekaise_spotrf_weak_scaling-eps-converted-to.pdf, id=69, 254.9525pt x 1
64.615pt>
File: fig/kebnekaise_spotrf_weak_scaling-eps-converted-to.pdf Graphic file (typ
e pdf)
 <use fig/kebnekaise_spotrf_weak_scaling-eps-converted-to.pdf>
Package pdftex.def Info: fig/kebnekaise_spotrf_weak_scaling-eps-converted-to.pd
f used on input line 622.
(pdftex.def)             Requested size: 216.71063pt x 139.9234pt.
Package epstopdf Info: Source file: <fig/knl_ram_zpotrf_weak_scaling.eps>
(epstopdf)                    date: 2017-03-29 18:16:53
(epstopdf)                    size: 206036 bytes
(epstopdf)             Output file: <fig/knl_ram_zpotrf_weak_scaling-eps-conver
ted-to.pdf>
(epstopdf)                    date: 2017-03-29 18:17:20
(epstopdf)                    size: 11570 bytes
(epstopdf)             Command: <repstopdf --outfile=fig/knl_ram_zpotrf_weak_sc
aling-eps-converted-to.pdf fig/knl_ram_zpotrf_weak_scaling.eps>
(epstopdf)             \includegraphics on input line 645.
Package epstopdf Info: Output file is already uptodate.

<fig/knl_ram_zpotrf_weak_scaling-eps-converted-to.pdf, id=70, 250.9375pt x 164.
615pt>
File: fig/knl_ram_zpotrf_weak_scaling-eps-converted-to.pdf Graphic file (type p
df)
 <use fig/knl_ram_zpotrf_weak_scaling-eps-converted-to.pdf>
Package pdftex.def Info: fig/knl_ram_zpotrf_weak_scaling-eps-converted-to.pdf u
sed on input line 645.
(pdftex.def)             Requested size: 213.29787pt x 139.9234pt.
Package epstopdf Info: Source file: <fig/knl_ram_dpotrf_weak_scaling.eps>
(epstopdf)                    date: 2017-03-29 18:16:58
(epstopdf)                    size: 206338 bytes
(epstopdf)             Output file: <fig/knl_ram_dpotrf_weak_scaling-eps-conver
ted-to.pdf>
(epstopdf)                    date: 2017-03-29 18:17:21
(epstopdf)                    size: 11539 bytes
(epstopdf)             Command: <repstopdf --outfile=fig/knl_ram_dpotrf_weak_sc
aling-eps-converted-to.pdf fig/knl_ram_dpotrf_weak_scaling.eps>
(epstopdf)             \includegraphics on input line 646.
Package epstopdf Info: Output file is already uptodate.

<fig/knl_ram_dpotrf_weak_scaling-eps-converted-to.pdf, id=71, 250.9375pt x 164.
615pt>
File: fig/knl_ram_dpotrf_weak_scaling-eps-converted-to.pdf Graphic file (type p
df)
 <use fig/knl_ram_dpotrf_weak_scaling-eps-converted-to.pdf>
Package pdftex.def Info: fig/knl_ram_dpotrf_weak_scaling-eps-converted-to.pdf u
sed on input line 646.
(pdftex.def)             Requested size: 213.29787pt x 139.9234pt.
Package epstopdf Info: Source file: <fig/knl_ram_cpotrf_weak_scaling.eps>
(epstopdf)                    date: 2017-03-29 18:16:55
(epstopdf)                    size: 205397 bytes
(epstopdf)             Output file: <fig/knl_ram_cpotrf_weak_scaling-eps-conver
ted-to.pdf>
(epstopdf)                    date: 2017-03-29 18:17:21
(epstopdf)                    size: 11234 bytes
(epstopdf)             Command: <repstopdf --outfile=fig/knl_ram_cpotrf_weak_sc
aling-eps-converted-to.pdf fig/knl_ram_cpotrf_weak_scaling.eps>
(epstopdf)             \includegraphics on input line 647.
Package epstopdf Info: Output file is already uptodate.

<fig/knl_ram_cpotrf_weak_scaling-eps-converted-to.pdf, id=72, 254.9525pt x 164.
615pt>
File: fig/knl_ram_cpotrf_weak_scaling-eps-converted-to.pdf Graphic file (type p
df)
 <use fig/knl_ram_cpotrf_weak_scaling-eps-converted-to.pdf>
Package pdftex.def Info: fig/knl_ram_cpotrf_weak_scaling-eps-converted-to.pdf u
sed on input line 647.
(pdftex.def)             Requested size: 216.71063pt x 139.9234pt.
Package epstopdf Info: Source file: <fig/knl_ram_spotrf_weak_scaling.eps>
(epstopdf)                    date: 2017-03-29 18:17:01
(epstopdf)                    size: 206037 bytes
(epstopdf)             Output file: <fig/knl_ram_spotrf_weak_scaling-eps-conver
ted-to.pdf>
(epstopdf)                    date: 2017-03-29 18:17:22
(epstopdf)                    size: 11575 bytes
(epstopdf)             Command: <repstopdf --outfile=fig/knl_ram_spotrf_weak_sc
aling-eps-converted-to.pdf fig/knl_ram_spotrf_weak_scaling.eps>
(epstopdf)             \includegraphics on input line 648.
Package epstopdf Info: Output file is already uptodate.

<fig/knl_ram_spotrf_weak_scaling-eps-converted-to.pdf, id=73, 250.9375pt x 164.
615pt>
File: fig/knl_ram_spotrf_weak_scaling-eps-converted-to.pdf Graphic file (type p
df)
 <use fig/knl_ram_spotrf_weak_scaling-eps-converted-to.pdf>
Package pdftex.def Info: fig/knl_ram_spotrf_weak_scaling-eps-converted-to.pdf u
sed on input line 648.
(pdftex.def)             Requested size: 213.29787pt x 139.9234pt.
LaTeX Font Info:    External font `lmex10' loaded for size
(Font)              <17.28> on input line 674.
Package epstopdf Info: Source file: <fig/kebnekaise_zgetrf_weak_scaling.eps>
(epstopdf)                    date: 2017-03-29 18:16:42
(epstopdf)                    size: 201474 bytes
(epstopdf)             Output file: <fig/kebnekaise_zgetrf_weak_scaling-eps-con
verted-to.pdf>
(epstopdf)                    date: 2017-03-29 18:17:22
(epstopdf)                    size: 9804 bytes
(epstopdf)             Command: <repstopdf --outfile=fig/kebnekaise_zgetrf_weak
_scaling-eps-converted-to.pdf fig/kebnekaise_zgetrf_weak_scaling.eps>
(epstopdf)             \includegraphics on input line 679.
Package epstopdf Info: Output file is already uptodate.

<fig/kebnekaise_zgetrf_weak_scaling-eps-converted-to.pdf, id=74, 254.9525pt x 1
64.615pt>
File: fig/kebnekaise_zgetrf_weak_scaling-eps-converted-to.pdf Graphic file (typ
e pdf)
 <use fig/kebnekaise_zgetrf_weak_scaling-eps-converted-to.pdf>
Package pdftex.def Info: fig/kebnekaise_zgetrf_weak_scaling-eps-converted-to.pd
f used on input line 679.
(pdftex.def)             Requested size: 216.71063pt x 139.9234pt.
Package epstopdf Info: Source file: <fig/kebnekaise_dgetrf_weak_scaling.eps>
(epstopdf)                    date: 2017-03-29 18:16:48
(epstopdf)                    size: 203676 bytes
(epstopdf)             Output file: <fig/kebnekaise_dgetrf_weak_scaling-eps-con
verted-to.pdf>
(epstopdf)                    date: 2017-03-29 18:17:23
(epstopdf)                    size: 10360 bytes
(epstopdf)             Command: <repstopdf --outfile=fig/kebnekaise_dgetrf_weak
_scaling-eps-converted-to.pdf fig/kebnekaise_dgetrf_weak_scaling.eps>
(epstopdf)             \includegraphics on input line 680.
Package epstopdf Info: Output file is already uptodate.

<fig/kebnekaise_dgetrf_weak_scaling-eps-converted-to.pdf, id=75, 250.9375pt x 1
64.615pt>
File: fig/kebnekaise_dgetrf_weak_scaling-eps-converted-to.pdf Graphic file (typ
e pdf)
 <use fig/kebnekaise_dgetrf_weak_scaling-eps-converted-to.pdf>
Package pdftex.def Info: fig/kebnekaise_dgetrf_weak_scaling-eps-converted-to.pd
f used on input line 680.
(pdftex.def)             Requested size: 213.29787pt x 139.9234pt.
Package epstopdf Info: Source file: <fig/kebnekaise_cgetrf_weak_scaling.eps>
(epstopdf)                    date: 2017-03-29 18:16:45
(epstopdf)                    size: 201372 bytes
(epstopdf)             Output file: <fig/kebnekaise_cgetrf_weak_scaling-eps-con
verted-to.pdf>
(epstopdf)                    date: 2017-03-29 18:17:23
(epstopdf)                    size: 9911 bytes
(epstopdf)             Command: <repstopdf --outfile=fig/kebnekaise_cgetrf_weak
_scaling-eps-converted-to.pdf fig/kebnekaise_cgetrf_weak_scaling.eps>
(epstopdf)             \includegraphics on input line 681.
Package epstopdf Info: Output file is already uptodate.

<fig/kebnekaise_cgetrf_weak_scaling-eps-converted-to.pdf, id=76, 254.9525pt x 1
64.615pt>
File: fig/kebnekaise_cgetrf_weak_scaling-eps-converted-to.pdf Graphic file (typ
e pdf)
 <use fig/kebnekaise_cgetrf_weak_scaling-eps-converted-to.pdf>
Package pdftex.def Info: fig/kebnekaise_cgetrf_weak_scaling-eps-converted-to.pd
f used on input line 681.
(pdftex.def)             Requested size: 216.71063pt x 139.9234pt.
Package epstopdf Info: Source file: <fig/kebnekaise_sgetrf_weak_scaling.eps>
(epstopdf)                    date: 2017-03-29 18:16:51
(epstopdf)                    size: 202333 bytes
(epstopdf)             Output file: <fig/kebnekaise_sgetrf_weak_scaling-eps-con
verted-to.pdf>
(epstopdf)                    date: 2017-03-29 18:17:24
(epstopdf)                    size: 9878 bytes
(epstopdf)             Command: <repstopdf --outfile=fig/kebnekaise_sgetrf_weak
_scaling-eps-converted-to.pdf fig/kebnekaise_sgetrf_weak_scaling.eps>
(epstopdf)             \includegraphics on input line 682.
Package epstopdf Info: Output file is already uptodate.

<fig/kebnekaise_sgetrf_weak_scaling-eps-converted-to.pdf, id=77, 254.9525pt x 1
64.615pt>
File: fig/kebnekaise_sgetrf_weak_scaling-eps-converted-to.pdf Graphic file (typ
e pdf)
 <use fig/kebnekaise_sgetrf_weak_scaling-eps-converted-to.pdf>
Package pdftex.def Info: fig/kebnekaise_sgetrf_weak_scaling-eps-converted-to.pd
f used on input line 682.
(pdftex.def)             Requested size: 216.71063pt x 139.9234pt.

[9]
Package epstopdf Info: Source file: <fig/knl_ram_zgetrf_weak_scaling.eps>
(epstopdf)                    date: 2017-03-29 18:16:53
(epstopdf)                    size: 201038 bytes
(epstopdf)             Output file: <fig/knl_ram_zgetrf_weak_scaling-eps-conver
ted-to.pdf>
(epstopdf)                    date: 2017-03-29 18:17:24
(epstopdf)                    size: 9777 bytes
(epstopdf)             Command: <repstopdf --outfile=fig/knl_ram_zgetrf_weak_sc
aling-eps-converted-to.pdf fig/knl_ram_zgetrf_weak_scaling.eps>
(epstopdf)             \includegraphics on input line 711.
Package epstopdf Info: Output file is already uptodate.

<fig/knl_ram_zgetrf_weak_scaling-eps-converted-to.pdf, id=81, 254.9525pt x 164.
615pt>
File: fig/knl_ram_zgetrf_weak_scaling-eps-converted-to.pdf Graphic file (type p
df)
 <use fig/knl_ram_zgetrf_weak_scaling-eps-converted-to.pdf>
Package pdftex.def Info: fig/knl_ram_zgetrf_weak_scaling-eps-converted-to.pdf u
sed on input line 711.
(pdftex.def)             Requested size: 216.71063pt x 139.9234pt.
Package epstopdf Info: Source file: <fig/knl_ram_dgetrf_weak_scaling.eps>
(epstopdf)                    date: 2017-03-29 18:16:59
(epstopdf)                    size: 202061 bytes
(epstopdf)             Output file: <fig/knl_ram_dgetrf_weak_scaling-eps-conver
ted-to.pdf>
(epstopdf)                    date: 2017-03-29 18:17:25
(epstopdf)                    size: 10080 bytes
(epstopdf)             Command: <repstopdf --outfile=fig/knl_ram_dgetrf_weak_sc
aling-eps-converted-to.pdf fig/knl_ram_dgetrf_weak_scaling.eps>
(epstopdf)             \includegraphics on input line 712.
Package epstopdf Info: Output file is already uptodate.

<fig/knl_ram_dgetrf_weak_scaling-eps-converted-to.pdf, id=82, 250.9375pt x 164.
615pt>
File: fig/knl_ram_dgetrf_weak_scaling-eps-converted-to.pdf Graphic file (type p
df)
 <use fig/knl_ram_dgetrf_weak_scaling-eps-converted-to.pdf>
Package pdftex.def Info: fig/knl_ram_dgetrf_weak_scaling-eps-converted-to.pdf u
sed on input line 712.
(pdftex.def)             Requested size: 213.29787pt x 139.9234pt.
Package epstopdf Info: Source file: <fig/knl_ram_cgetrf_weak_scaling.eps>
(epstopdf)                    date: 2017-03-29 18:16:56
(epstopdf)                    size: 200951 bytes
(epstopdf)             Output file: <fig/knl_ram_cgetrf_weak_scaling-eps-conver
ted-to.pdf>
(epstopdf)                    date: 2017-03-29 18:17:25
(epstopdf)                    size: 9885 bytes
(epstopdf)             Command: <repstopdf --outfile=fig/knl_ram_cgetrf_weak_sc
aling-eps-converted-to.pdf fig/knl_ram_cgetrf_weak_scaling.eps>
(epstopdf)             \includegraphics on input line 713.
Package epstopdf Info: Output file is already uptodate.

<fig/knl_ram_cgetrf_weak_scaling-eps-converted-to.pdf, id=83, 254.9525pt x 164.
615pt>
File: fig/knl_ram_cgetrf_weak_scaling-eps-converted-to.pdf Graphic file (type p
df)
 <use fig/knl_ram_cgetrf_weak_scaling-eps-converted-to.pdf>
Package pdftex.def Info: fig/knl_ram_cgetrf_weak_scaling-eps-converted-to.pdf u
sed on input line 713.
(pdftex.def)             Requested size: 216.71063pt x 139.9234pt.
Package epstopdf Info: Source file: <fig/knl_ram_sgetrf_weak_scaling.eps>
(epstopdf)                    date: 2017-03-29 18:17:02
(epstopdf)                    size: 203679 bytes
(epstopdf)             Output file: <fig/knl_ram_sgetrf_weak_scaling-eps-conver
ted-to.pdf>
(epstopdf)                    date: 2017-03-29 18:17:26
(epstopdf)                    size: 10364 bytes
(epstopdf)             Command: <repstopdf --outfile=fig/knl_ram_sgetrf_weak_sc
aling-eps-converted-to.pdf fig/knl_ram_sgetrf_weak_scaling.eps>
(epstopdf)             \includegraphics on input line 714.
Package epstopdf Info: Output file is already uptodate.

<fig/knl_ram_sgetrf_weak_scaling-eps-converted-to.pdf, id=84, 250.9375pt x 164.
615pt>
File: fig/knl_ram_sgetrf_weak_scaling-eps-converted-to.pdf Graphic file (type p
df)
 <use fig/knl_ram_sgetrf_weak_scaling-eps-converted-to.pdf>
Package pdftex.def Info: fig/knl_ram_sgetrf_weak_scaling-eps-converted-to.pdf u
sed on input line 714.
(pdftex.def)             Requested size: 213.29787pt x 139.9234pt.
Package epstopdf Info: Source file: <fig/kebnekaise_zgeqrf_weak_scaling.eps>
(epstopdf)                    date: 2017-03-29 18:16:43
(epstopdf)                    size: 207113 bytes
(epstopdf)             Output file: <fig/kebnekaise_zgeqrf_weak_scaling-eps-con
verted-to.pdf>
(epstopdf)                    date: 2017-03-29 18:17:26
(epstopdf)                    size: 11752 bytes
(epstopdf)             Command: <repstopdf --outfile=fig/kebnekaise_zgeqrf_weak
_scaling-eps-converted-to.pdf fig/kebnekaise_zgeqrf_weak_scaling.eps>
(epstopdf)             \includegraphics on input line 746.
Package epstopdf Info: Output file is already uptodate.

<fig/kebnekaise_zgeqrf_weak_scaling-eps-converted-to.pdf, id=85, 250.9375pt x 1
64.615pt>
File: fig/kebnekaise_zgeqrf_weak_scaling-eps-converted-to.pdf Graphic file (typ
e pdf)
 <use fig/kebnekaise_zgeqrf_weak_scaling-eps-converted-to.pdf>
Package pdftex.def Info: fig/kebnekaise_zgeqrf_weak_scaling-eps-converted-to.pd
f used on input line 746.
(pdftex.def)             Requested size: 213.29787pt x 139.9234pt.
Package epstopdf Info: Source file: <fig/kebnekaise_dgeqrf_weak_scaling.eps>
(epstopdf)                    date: 2017-03-29 18:16:49
(epstopdf)                    size: 207112 bytes
(epstopdf)             Output file: <fig/kebnekaise_dgeqrf_weak_scaling-eps-con
verted-to.pdf>
(epstopdf)                    date: 2017-03-29 18:17:27
(epstopdf)                    size: 11748 bytes
(epstopdf)             Command: <repstopdf --outfile=fig/kebnekaise_dgeqrf_weak
_scaling-eps-converted-to.pdf fig/kebnekaise_dgeqrf_weak_scaling.eps>
(epstopdf)             \includegraphics on input line 747.
Package epstopdf Info: Output file is already uptodate.

<fig/kebnekaise_dgeqrf_weak_scaling-eps-converted-to.pdf, id=86, 250.9375pt x 1
64.615pt>
File: fig/kebnekaise_dgeqrf_weak_scaling-eps-converted-to.pdf Graphic file (typ
e pdf)
 <use fig/kebnekaise_dgeqrf_weak_scaling-eps-converted-to.pdf>
Package pdftex.def Info: fig/kebnekaise_dgeqrf_weak_scaling-eps-converted-to.pd
f used on input line 747.
(pdftex.def)             Requested size: 213.29787pt x 139.9234pt.
Package epstopdf Info: Source file: <fig/kebnekaise_cgeqrf_weak_scaling.eps>
(epstopdf)                    date: 2017-03-29 18:16:46
(epstopdf)                    size: 204401 bytes
(epstopdf)             Output file: <fig/kebnekaise_cgeqrf_weak_scaling-eps-con
verted-to.pdf>
(epstopdf)                    date: 2017-03-29 18:17:27
(epstopdf)                    size: 11250 bytes
(epstopdf)             Command: <repstopdf --outfile=fig/kebnekaise_cgeqrf_weak
_scaling-eps-converted-to.pdf fig/kebnekaise_cgeqrf_weak_scaling.eps>
(epstopdf)             \includegraphics on input line 748.
Package epstopdf Info: Output file is already uptodate.

<fig/kebnekaise_cgeqrf_weak_scaling-eps-converted-to.pdf, id=87, 254.9525pt x 1
64.615pt>
File: fig/kebnekaise_cgeqrf_weak_scaling-eps-converted-to.pdf Graphic file (typ
e pdf)
 <use fig/kebnekaise_cgeqrf_weak_scaling-eps-converted-to.pdf>
Package pdftex.def Info: fig/kebnekaise_cgeqrf_weak_scaling-eps-converted-to.pd
f used on input line 748.
(pdftex.def)             Requested size: 216.71063pt x 139.9234pt.
Package epstopdf Info: Source file: <fig/kebnekaise_sgeqrf_weak_scaling.eps>
(epstopdf)                    date: 2017-03-29 18:16:51
(epstopdf)                    size: 205844 bytes
(epstopdf)             Output file: <fig/kebnekaise_sgeqrf_weak_scaling-eps-con
verted-to.pdf>
(epstopdf)                    date: 2017-03-29 18:17:28
(epstopdf)                    size: 11260 bytes
(epstopdf)             Command: <repstopdf --outfile=fig/kebnekaise_sgeqrf_weak
_scaling-eps-converted-to.pdf fig/kebnekaise_sgeqrf_weak_scaling.eps>
(epstopdf)             \includegraphics on input line 749.
Package epstopdf Info: Output file is already uptodate.

<fig/kebnekaise_sgeqrf_weak_scaling-eps-converted-to.pdf, id=88, 254.9525pt x 1
64.615pt>
File: fig/kebnekaise_sgeqrf_weak_scaling-eps-converted-to.pdf Graphic file (typ
e pdf)
 <use fig/kebnekaise_sgeqrf_weak_scaling-eps-converted-to.pdf>
Package pdftex.def Info: fig/kebnekaise_sgeqrf_weak_scaling-eps-converted-to.pd
f used on input line 749.
(pdftex.def)             Requested size: 216.71063pt x 139.9234pt.

[10 <./fig/kebnekaise_zpotrf_weak_scaling-eps-converted-to.pdf> <./fig/kebnekai
se_dpotrf_weak_scaling-eps-converted-to.pdf> <./fig/kebnekaise_cpotrf_weak_scal
ing-eps-converted-to.pdf> <./fig/kebnekaise_spotrf_weak_scaling-eps-converted-t
o.pdf>]
Package epstopdf Info: Source file: <fig/knl_ram_zgeqrf_weak_scaling.eps>
(epstopdf)                    date: 2017-03-29 18:16:54
(epstopdf)                    size: 206456 bytes
(epstopdf)             Output file: <fig/knl_ram_zgeqrf_weak_scaling-eps-conver
ted-to.pdf>
(epstopdf)                    date: 2017-03-29 18:17:28
(epstopdf)                    size: 11594 bytes
(epstopdf)             Command: <repstopdf --outfile=fig/knl_ram_zgeqrf_weak_sc
aling-eps-converted-to.pdf fig/knl_ram_zgeqrf_weak_scaling.eps>
(epstopdf)             \includegraphics on input line 779.
Package epstopdf Info: Output file is already uptodate.

<fig/knl_ram_zgeqrf_weak_scaling-eps-converted-to.pdf, id=130, 250.9375pt x 164
.615pt>
File: fig/knl_ram_zgeqrf_weak_scaling-eps-converted-to.pdf Graphic file (type p
df)
 <use fig/knl_ram_zgeqrf_weak_scaling-eps-converted-to.pdf>
Package pdftex.def Info: fig/knl_ram_zgeqrf_weak_scaling-eps-converted-to.pdf u
sed on input line 779.
(pdftex.def)             Requested size: 213.29787pt x 139.9234pt.
Package epstopdf Info: Source file: <fig/knl_ram_dgeqrf_weak_scaling.eps>
(epstopdf)                    date: 2017-03-29 18:17:00
(epstopdf)                    size: 205502 bytes
(epstopdf)             Output file: <fig/knl_ram_dgeqrf_weak_scaling-eps-conver
ted-to.pdf>
(epstopdf)                    date: 2017-03-29 18:17:29
(epstopdf)                    size: 11460 bytes
(epstopdf)             Command: <repstopdf --outfile=fig/knl_ram_dgeqrf_weak_sc
aling-eps-converted-to.pdf fig/knl_ram_dgeqrf_weak_scaling.eps>
(epstopdf)             \includegraphics on input line 780.
Package epstopdf Info: Output file is already uptodate.

<fig/knl_ram_dgeqrf_weak_scaling-eps-converted-to.pdf, id=131, 250.9375pt x 164
.615pt>
File: fig/knl_ram_dgeqrf_weak_scaling-eps-converted-to.pdf Graphic file (type p
df)
 <use fig/knl_ram_dgeqrf_weak_scaling-eps-converted-to.pdf>
Package pdftex.def Info: fig/knl_ram_dgeqrf_weak_scaling-eps-converted-to.pdf u
sed on input line 780.
(pdftex.def)             Requested size: 213.29787pt x 139.9234pt.
Package epstopdf Info: Source file: <fig/knl_ram_cgeqrf_weak_scaling.eps>
(epstopdf)                    date: 2017-03-29 18:16:57
(epstopdf)                    size: 206249 bytes
(epstopdf)             Output file: <fig/knl_ram_cgeqrf_weak_scaling-eps-conver
ted-to.pdf>
(epstopdf)                    date: 2017-03-29 18:17:29
(epstopdf)                    size: 11313 bytes
(epstopdf)             Command: <repstopdf --outfile=fig/knl_ram_cgeqrf_weak_sc
aling-eps-converted-to.pdf fig/knl_ram_cgeqrf_weak_scaling.eps>
(epstopdf)             \includegraphics on input line 781.
Package epstopdf Info: Output file is already uptodate.

<fig/knl_ram_cgeqrf_weak_scaling-eps-converted-to.pdf, id=132, 254.9525pt x 164
.615pt>
File: fig/knl_ram_cgeqrf_weak_scaling-eps-converted-to.pdf Graphic file (type p
df)
 <use fig/knl_ram_cgeqrf_weak_scaling-eps-converted-to.pdf>
Package pdftex.def Info: fig/knl_ram_cgeqrf_weak_scaling-eps-converted-to.pdf u
sed on input line 781.
(pdftex.def)             Requested size: 216.71063pt x 139.9234pt.
Package epstopdf Info: Source file: <fig/knl_ram_sgeqrf_weak_scaling.eps>
(epstopdf)                    date: 2017-03-29 18:17:02
(epstopdf)                    size: 204964 bytes
(epstopdf)             Output file: <fig/knl_ram_sgeqrf_weak_scaling-eps-conver
ted-to.pdf>
(epstopdf)                    date: 2017-03-29 18:17:30
(epstopdf)                    size: 11183 bytes
(epstopdf)             Command: <repstopdf --outfile=fig/knl_ram_sgeqrf_weak_sc
aling-eps-converted-to.pdf fig/knl_ram_sgeqrf_weak_scaling.eps>
(epstopdf)             \includegraphics on input line 782.
Package epstopdf Info: Output file is already uptodate.

<fig/knl_ram_sgeqrf_weak_scaling-eps-converted-to.pdf, id=133, 254.9525pt x 164
.615pt>
File: fig/knl_ram_sgeqrf_weak_scaling-eps-converted-to.pdf Graphic file (type p
df)
 <use fig/knl_ram_sgeqrf_weak_scaling-eps-converted-to.pdf>
Package pdftex.def Info: fig/knl_ram_sgeqrf_weak_scaling-eps-converted-to.pdf u
sed on input line 782.
(pdftex.def)             Requested size: 216.71063pt x 139.9234pt.
Package epstopdf Info: Source file: <fig/kebnekaise_zhetrf_weak_scaling.eps>
(epstopdf)                    date: 2017-03-29 18:16:41
(epstopdf)                    size: 201040 bytes
(epstopdf)             Output file: <fig/kebnekaise_zhetrf_weak_scaling-eps-con
verted-to.pdf>
(epstopdf)                    date: 2017-03-29 18:17:30
(epstopdf)                    size: 9786 bytes
(epstopdf)             Command: <repstopdf --outfile=fig/kebnekaise_zhetrf_weak
_scaling-eps-converted-to.pdf fig/kebnekaise_zhetrf_weak_scaling.eps>
(epstopdf)             \includegraphics on input line 808.
Package epstopdf Info: Output file is already uptodate.

<fig/kebnekaise_zhetrf_weak_scaling-eps-converted-to.pdf, id=134, 254.9525pt x 
164.615pt>
File: fig/kebnekaise_zhetrf_weak_scaling-eps-converted-to.pdf Graphic file (typ
e pdf)
 <use fig/kebnekaise_zhetrf_weak_scaling-eps-converted-to.pdf>
Package pdftex.def Info: fig/kebnekaise_zhetrf_weak_scaling-eps-converted-to.pd
f used on input line 808.
(pdftex.def)             Requested size: 216.71063pt x 139.9234pt.
Package epstopdf Info: Source file: <fig/kebnekaise_dsytrf_weak_scaling.eps>
(epstopdf)                    date: 2017-03-29 18:16:46
(epstopdf)                    size: 203310 bytes
(epstopdf)             Output file: <fig/kebnekaise_dsytrf_weak_scaling-eps-con
verted-to.pdf>
(epstopdf)                    date: 2017-03-29 18:17:31
(epstopdf)                    size: 10207 bytes
(epstopdf)             Command: <repstopdf --outfile=fig/kebnekaise_dsytrf_weak
_scaling-eps-converted-to.pdf fig/kebnekaise_dsytrf_weak_scaling.eps>
(epstopdf)             \includegraphics on input line 809.
Package epstopdf Info: Output file is already uptodate.

<fig/kebnekaise_dsytrf_weak_scaling-eps-converted-to.pdf, id=135, 250.9375pt x 
164.615pt>
File: fig/kebnekaise_dsytrf_weak_scaling-eps-converted-to.pdf Graphic file (typ
e pdf)
 <use fig/kebnekaise_dsytrf_weak_scaling-eps-converted-to.pdf>
Package pdftex.def Info: fig/kebnekaise_dsytrf_weak_scaling-eps-converted-to.pd
f used on input line 809.
(pdftex.def)             Requested size: 213.29787pt x 139.9234pt.
Package epstopdf Info: Source file: <fig/kebnekaise_chetrf_weak_scaling.eps>
(epstopdf)                    date: 2017-03-29 18:16:44
(epstopdf)                    size: 202757 bytes
(epstopdf)             Output file: <fig/kebnekaise_chetrf_weak_scaling-eps-con
verted-to.pdf>
(epstopdf)                    date: 2017-03-29 18:17:31
(epstopdf)                    size: 9915 bytes
(epstopdf)             Command: <repstopdf --outfile=fig/kebnekaise_chetrf_weak
_scaling-eps-converted-to.pdf fig/kebnekaise_chetrf_weak_scaling.eps>
(epstopdf)             \includegraphics on input line 810.
Package epstopdf Info: Output file is already uptodate.

<fig/kebnekaise_chetrf_weak_scaling-eps-converted-to.pdf, id=136, 254.9525pt x 
164.615pt>
File: fig/kebnekaise_chetrf_weak_scaling-eps-converted-to.pdf Graphic file (typ
e pdf)
 <use fig/kebnekaise_chetrf_weak_scaling-eps-converted-to.pdf>
Package pdftex.def Info: fig/kebnekaise_chetrf_weak_scaling-eps-converted-to.pd
f used on input line 810.
(pdftex.def)             Requested size: 216.71063pt x 139.9234pt.
Package epstopdf Info: Source file: <fig/kebnekaise_ssytrf_weak_scaling.eps>
(epstopdf)                    date: 2017-03-29 18:16:49
(epstopdf)                    size: 201040 bytes
(epstopdf)             Output file: <fig/kebnekaise_ssytrf_weak_scaling-eps-con
verted-to.pdf>
(epstopdf)                    date: 2017-03-29 18:17:31
(epstopdf)                    size: 9770 bytes
(epstopdf)             Command: <repstopdf --outfile=fig/kebnekaise_ssytrf_weak
_scaling-eps-converted-to.pdf fig/kebnekaise_ssytrf_weak_scaling.eps>
(epstopdf)             \includegraphics on input line 811.
Package epstopdf Info: Output file is already uptodate.

<fig/kebnekaise_ssytrf_weak_scaling-eps-converted-to.pdf, id=137, 254.9525pt x 
164.615pt>
File: fig/kebnekaise_ssytrf_weak_scaling-eps-converted-to.pdf Graphic file (typ
e pdf)
 <use fig/kebnekaise_ssytrf_weak_scaling-eps-converted-to.pdf>
Package pdftex.def Info: fig/kebnekaise_ssytrf_weak_scaling-eps-converted-to.pd
f used on input line 811.
(pdftex.def)             Requested size: 216.71063pt x 139.9234pt.

[11 <./fig/knl_ram_zpotrf_weak_scaling-eps-converted-to.pdf> <./fig/knl_ram_dpo
trf_weak_scaling-eps-converted-to.pdf> <./fig/knl_ram_cpotrf_weak_scaling-eps-c
onverted-to.pdf> <./fig/knl_ram_spotrf_weak_scaling-eps-converted-to.pdf>]
Package epstopdf Info: Source file: <fig/knl_ram_zhetrf_weak_scaling.eps>
(epstopdf)                    date: 2017-03-29 18:16:52
(epstopdf)                    size: 200910 bytes
(epstopdf)             Output file: <fig/knl_ram_zhetrf_weak_scaling-eps-conver
ted-to.pdf>
(epstopdf)                    date: 2017-03-29 18:17:32
(epstopdf)                    size: 9906 bytes
(epstopdf)             Command: <repstopdf --outfile=fig/knl_ram_zhetrf_weak_sc
aling-eps-converted-to.pdf fig/knl_ram_zhetrf_weak_scaling.eps>
(epstopdf)             \includegraphics on input line 836.
Package epstopdf Info: Output file is already uptodate.

<fig/knl_ram_zhetrf_weak_scaling-eps-converted-to.pdf, id=173, 250.9375pt x 164
.615pt>
File: fig/knl_ram_zhetrf_weak_scaling-eps-converted-to.pdf Graphic file (type p
df)
 <use fig/knl_ram_zhetrf_weak_scaling-eps-converted-to.pdf>
Package pdftex.def Info: fig/knl_ram_zhetrf_weak_scaling-eps-converted-to.pdf u
sed on input line 836.
(pdftex.def)             Requested size: 213.29787pt x 139.9234pt.
Package epstopdf Info: Source file: <fig/knl_ram_dsytrf_weak_scaling.eps>
(epstopdf)                    date: 2017-03-29 18:16:58
(epstopdf)                    size: 202250 bytes
(epstopdf)             Output file: <fig/knl_ram_dsytrf_weak_scaling-eps-conver
ted-to.pdf>
(epstopdf)                    date: 2017-03-29 18:17:32
(epstopdf)                    size: 9896 bytes
(epstopdf)             Command: <repstopdf --outfile=fig/knl_ram_dsytrf_weak_sc
aling-eps-converted-to.pdf fig/knl_ram_dsytrf_weak_scaling.eps>
(epstopdf)             \includegraphics on input line 837.
Package epstopdf Info: Output file is already uptodate.

<fig/knl_ram_dsytrf_weak_scaling-eps-converted-to.pdf, id=174, 250.9375pt x 164
.615pt>
File: fig/knl_ram_dsytrf_weak_scaling-eps-converted-to.pdf Graphic file (type p
df)
 <use fig/knl_ram_dsytrf_weak_scaling-eps-converted-to.pdf>
Package pdftex.def Info: fig/knl_ram_dsytrf_weak_scaling-eps-converted-to.pdf u
sed on input line 837.
(pdftex.def)             Requested size: 213.29787pt x 139.9234pt.
Package epstopdf Info: Source file: <fig/knl_ram_chetrf_weak_scaling.eps>
(epstopdf)                    date: 2017-03-29 18:16:55
(epstopdf)                    size: 201636 bytes
(epstopdf)             Output file: <fig/knl_ram_chetrf_weak_scaling-eps-conver
ted-to.pdf>
(epstopdf)                    date: 2017-03-29 18:17:33
(epstopdf)                    size: 10060 bytes
(epstopdf)             Command: <repstopdf --outfile=fig/knl_ram_chetrf_weak_sc
aling-eps-converted-to.pdf fig/knl_ram_chetrf_weak_scaling.eps>
(epstopdf)             \includegraphics on input line 838.
Package epstopdf Info: Output file is already uptodate.

<fig/knl_ram_chetrf_weak_scaling-eps-converted-to.pdf, id=175, 250.9375pt x 164
.615pt>
File: fig/knl_ram_chetrf_weak_scaling-eps-converted-to.pdf Graphic file (type p
df)
 <use fig/knl_ram_chetrf_weak_scaling-eps-converted-to.pdf>
Package pdftex.def Info: fig/knl_ram_chetrf_weak_scaling-eps-converted-to.pdf u
sed on input line 838.
(pdftex.def)             Requested size: 213.29787pt x 139.9234pt.
Package epstopdf Info: Source file: <fig/knl_ram_ssytrf_weak_scaling.eps>
(epstopdf)                    date: 2017-03-29 18:17:00
(epstopdf)                    size: 201635 bytes
(epstopdf)             Output file: <fig/knl_ram_ssytrf_weak_scaling-eps-conver
ted-to.pdf>
(epstopdf)                    date: 2017-03-29 18:17:33
(epstopdf)                    size: 10042 bytes
(epstopdf)             Command: <repstopdf --outfile=fig/knl_ram_ssytrf_weak_sc
aling-eps-converted-to.pdf fig/knl_ram_ssytrf_weak_scaling.eps>
(epstopdf)             \includegraphics on input line 839.
Package epstopdf Info: Output file is already uptodate.

<fig/knl_ram_ssytrf_weak_scaling-eps-converted-to.pdf, id=176, 250.9375pt x 164
.615pt>
File: fig/knl_ram_ssytrf_weak_scaling-eps-converted-to.pdf Graphic file (type p
df)
 <use fig/knl_ram_ssytrf_weak_scaling-eps-converted-to.pdf>
Package pdftex.def Info: fig/knl_ram_ssytrf_weak_scaling-eps-converted-to.pdf u
sed on input line 839.
(pdftex.def)             Requested size: 213.29787pt x 139.9234pt.

(./one-sided.bbl [12 <./fig/kebnekaise_zgetrf_weak_scaling-eps-converted-to.pdf
> <./fig/kebnekaise_dgetrf_weak_scaling-eps-converted-to.pdf> <./fig/kebnekaise
_cgetrf_weak_scaling-eps-converted-to.pdf> <./fig/kebnekaise_sgetrf_weak_scalin
g-eps-converted-to.pdf>] [13 <./fig/knl_ram_zgetrf_weak_scaling-eps-converted-t
o.pdf> <./fig/knl_ram_dgetrf_weak_scaling-eps-converted-to.pdf> <./fig/knl_ram_
cgetrf_weak_scaling-eps-converted-to.pdf> <./fig/knl_ram_sgetrf_weak_scaling-ep
s-converted-to.pdf>]) 
AED: lastpage setting LastPage
[14 <./fig/kebnekaise_zgeqrf_weak_scaling-eps-converted-to.pdf> <./fig/kebnekai
se_dgeqrf_weak_scaling-eps-converted-to.pdf> <./fig/kebnekaise_cgeqrf_weak_scal
ing-eps-converted-to.pdf> <./fig/kebnekaise_sgeqrf_weak_scaling-eps-converted-t
o.pdf>] [15 <./fig/knl_ram_zgeqrf_weak_scaling-eps-converted-to.pdf> <./fig/knl
_ram_dgeqrf_weak_scaling-eps-converted-to.pdf> <./fig/knl_ram_cgeqrf_weak_scali
ng-eps-converted-to.pdf> <./fig/knl_ram_sgeqrf_weak_scaling-eps-converted-to.pd
f> <./fig/kebnekaise_zhetrf_weak_scaling-eps-converted-to.pdf> <./fig/kebnekais
e_dsytrf_weak_scaling-eps-converted-to.pdf> <./fig/kebnekaise_chetrf_weak_scali
ng-eps-converted-to.pdf> <./fig/kebnekaise_ssytrf_weak_scaling-eps-converted-to
.pdf>] [16 <./fig/knl_ram_zhetrf_weak_scaling-eps-converted-to.pdf> <./fig/knl_
ram_dsytrf_weak_scaling-eps-converted-to.pdf> <./fig/knl_ram_chetrf_weak_scalin
g-eps-converted-to.pdf> <./fig/knl_ram_ssytrf_weak_scaling-eps-converted-to.pdf
>] (./one-sided.aux (./one-sided-tile.aux)) ) 
Here is how much of TeX's memory you used:
 5790 strings out of 493029
 86377 string characters out of 6136234
 155979 words of memory out of 5000000
 9131 multiletter control sequences out of 15000+600000
 71721 words of font info for 70 fonts, out of 8000000 for 9000
 1141 hyphenation exceptions out of 8191
 42i,13n,43p,357b,489s stack positions out of 5000i,500n,10000p,200000b,80000s
{/usr/share/texmf/fonts/enc/dvips/
lm/lm-rm.enc}{/usr/share/texmf/fonts/enc/dvips/lm/lm-ec.enc}{/usr/share/texmf/f
onts/enc/dvips/lm/lm-mathit.enc}{/usr/share/texmf/fonts/enc/dvips/lm/lm-mathsy.
enc}</usr/share/texlive/texmf-dist/fonts/type1/public/amsfonts/cm/cmmi10.pfb></
usr/share/texmf/fonts/type1/public/lm/lmbx12.pfb></usr/share/texmf/fonts/type1/
public/lm/lmcsc10.pfb></usr/share/texmf/fonts/type1/public/lm/lmmi12.pfb></usr/
share/texmf/fonts/type1/public/lm/lmmi8.pfb></usr/share/texmf/fonts/type1/publi
c/lm/lmr10.pfb></usr/share/texmf/fonts/type1/public/lm/lmr12.pfb></usr/share/te
xmf/fonts/type1/public/lm/lmr17.pfb></usr/share/texmf/fonts/type1/public/lm/lmr
7.pfb></usr/share/texmf/fonts/type1/public/lm/lmr8.pfb></usr/share/texmf/fonts/
type1/public/lm/lmri12.pfb></usr/share/texmf/fonts/type1/public/lm/lmsy10.pfb><
/usr/share/texmf/fonts/type1/public/lm/lmtt10.pfb></usr/share/texmf/fonts/type1
/public/lm/lmtt12.pfb></usr/share/texlive/texmf-dist/fonts/type1/urw/times/utmr
8a.pfb></usr/share/texlive/texmf-dist/fonts/type1/urw/times/utmri8a.pfb>
Output written on one-sided.pdf (17 pages, 1883531 bytes).
PDF statistics:
 439 PDF objects out of 1000 (max. 8388607)
 357 compressed objects within 4 object streams
 0 named destinations out of 1000 (max. 500000)
 186 words of extra memory for PDF output out of 10000 (max. 10000000)

